<?xml version="1.0" encoding="UTF-8"?>
<testsuite xmlns:xsi="http://www.w3.org/2001/XMLSchema-instance" xsi:noNamespaceSchemaLocation="https://maven.apache.org/surefire/maven-surefire-plugin/xsd/surefire-test-report-3.0.xsd" version="3.0" name="address_data.AddressEntryTest" time="0.036" tests="8" errors="0" skipped="0" failures="0">
  <properties>
[...]
</properties>
  <testcase name="testPhoneNumber" classname="address_data.AddressEntryTest" time="0.006"/>
  <testcase name="testEmail" classname="address_data.AddressEntryTest" time="0.002"/>
  <testcase name="testState" classname="address_data.AddressEntryTest" time="0.002"/>
  <testcase name="testCity" classname="address_data.AddressEntryTest" time="0.003"/>
  <testcase name="testLastName" classname="address_data.AddressEntryTest" time="0.003"/>
  <testcase name="testZipCode" classname="address_data.AddressEntryTest" time="0.003"/>
  <testcase name="testFirstName" classname="address_data.AddressEntryTest" time="0.002"/>
  <testcase name="testStreet" classname="address_data.AddressEntryTest" time="0.003"/>
</testsuite>